UclustConsensusTaxonAssigner parameters:
id_to_taxonomy_filepath:/Users/husenzhang/anaconda3/envs/qiime/lib/python2.7/site-packages/qiime_default_reference/gg_13_8_otus/taxonomy/97_otu_taxonomy.txt
id_to_taxonomy_fp:/Users/husenzhang/anaconda3/envs/qiime/lib/python2.7/site-packages/qiime_default_reference/gg_13_8_otus/taxonomy/97_otu_taxonomy.txt
max_accepts:3
min_consensus_fraction:0.51
reference_sequences_fp:/Users/husenzhang/anaconda3/envs/qiime/lib/python2.7/site-packages/qiime_default_reference/gg_13_8_otus/rep_set/97_otus.fasta
similarity:0.9
unassignable_label:Unassigned
Result path: /var/folders/dg/82rj8mdj68bdp7lfxtb0rrq80000gp/T/assign-taxwEuCAB

.uc file contents:

# uclust --input out/rep_set.fa --id 0.9 --rev --maxaccepts 3 --allhits --libonly --lib /Users/husenzhang/anaconda3/envs/qiime/lib/python2.7/site-packages/qiime_default_reference/gg_13_8_otus/rep_set/97_otus.fasta --uc /var/folders/dg/82rj8mdj68bdp7lfxtb0rrq80000gp/T/UclustConsensusTaxonAssigner_cX8Lyl.uc
# version=1.2.22
# Tab-separated fields:
# 1=Type, 2=ClusterNr, 3=SeqLength or ClusterSize, 4=PctId, 5=Strand, 6=QueryStart, 7=SeedStart, 8=Alignment, 9=QueryLabel, 10=TargetLabel
# Record types (field 1): L=LibSeed, S=NewSeed, H=Hit, R=Reject, D=LibCluster, C=NewCluster, N=NoHit
# For C and D types, PctId is average id with seed.
# QueryStart and SeedStart are zero-based relative to start of sequence.
# If minus strand, SeedStart is relative to reverse-complemented seed.
L	30291	1395	*	*	*	*	*	276149	*
H	30291	460	99.6	+	0	0	335I460M600I	OTU_1	276149
L	80123	1531	*	*	*	*	*	4308591	*
H	80123	460	99.6	+	0	0	344I460M727I	OTU_1	4308591
L	86168	1447	*	*	*	*	*	4372003	*
H	86168	460	99.6	+	0	0	312I460M675I	OTU_1	4372003
L	70506	1436	*	*	*	*	*	3256931	*
H	70506	460	99.6	+	0	0	313I460M663I	OTU_2	3256931
L	46226	1451	*	*	*	*	*	157327	*
H	46226	460	99.6	+	0	0	318I460M673I	OTU_2	157327
L	92245	1433	*	*	*	*	*	4435396	*
H	92245	460	99.6	+	0	0	310I460M663I	OTU_2	4435396
L	41494	1402	*	*	*	*	*	190392	*
H	41494	459	98.9	+	0	0	339I459M604I	OTU_3	190392
L	68645	1493	*	*	*	*	*	1111033	*
H	68645	459	95.2	+	0	0	339I459M695I	OTU_3	1111033
L	74521	1495	*	*	*	*	*	1108377	*
H	74521	459	93.7	+	0	0	339I459M697I	OTU_3	1108377
L	32153	1396	*	*	*	*	*	264734	*
H	32153	460	98.9	+	0	0	342I460M594I	OTU_4	264734
L	40203	1406	*	*	*	*	*	197074	*
H	40203	460	97.8	+	0	0	343I460M603I	OTU_4	197074
L	32587	1404	*	*	*	*	*	262166	*
H	32587	460	97.4	+	0	0	342I460M602I	OTU_4	262166
L	23596	1422	*	*	*	*	*	326968	*
H	23596	465	99.1	+	0	0	355I465M602I	OTU_5	326968
L	23124	1433	*	*	*	*	*	330353	*
H	23124	465	99.1	+	0	0	365I465M603I	OTU_5	330353
L	24789	1426	*	*	*	*	*	318320	*
H	24789	465	99.1	+	0	0	362I465M599I	OTU_5	318320
L	10420	1360	*	*	*	*	*	572476	*
H	10420	460	99.3	+	0	0	331I460M569I	OTU_6	572476
L	8177	1398	*	*	*	*	*	589071	*
H	8177	460	99.3	+	0	0	339I460M599I	OTU_6	589071
L	63439	1426	*	*	*	*	*	2383341	*
H	63439	460	99.3	+	0	0	300I460M666I	OTU_6	2383341
L	43022	1364	*	*	*	*	*	182112	*
H	43022	459	99.6	+	0	0	338I459M567I	OTU_7	182112
L	44281	1410	*	*	*	*	*	175333	*
H	44281	459	99.3	+	0	0	344I459M607I	OTU_7	175333
L	44020	1403	*	*	*	*	*	176860	*
H	44020	459	99.3	+	0	0	338I459M606I	OTU_7	176860
L	30780	1383	*	*	*	*	*	273232	*
H	30780	446	99.3	+	0	0	333I446M604I	OTU_8	273232
L	43007	1335	*	*	*	*	*	182176	*
H	43007	446	99.1	+	0	0	320I446M569I	OTU_8	182176
L	40856	1333	*	*	*	*	*	193829	*
H	40856	446	98.9	+	0	0	312I446M575I	OTU_8	193829
L	31607	1373	*	*	*	*	*	268352	*
H	31607	465	98.5	+	0	0	329I384MI23MD57M579I	OTU_9	268352
L	91405	1490	*	*	*	*	*	4426641	*
H	91405	465	98.5	+	0	0	329I465M696I	OTU_9	4426641
L	30933	1390	*	*	*	*	*	272334	*
H	30933	465	99.1	+	0	0	329I408MD56M597I	OTU_9	272334
L	96138	1424	*	*	*	*	*	4476780	*
H	96138	460	98.9	+	0	0	292I460M672I	OTU_10	4476780
L	5075	1519	*	*	*	*	*	772282	*
H	5075	460	97.6	+	0	0	333I460M726I	OTU_10	772282
L	20243	1401	*	*	*	*	*	351292	*
H	20243	460	97.6	+	0	0	339I460M602I	OTU_10	351292
L	49157	1382	*	*	*	*	*	135956	*
H	49157	465	99.4	+	0	0	346I254MI211M570I	OTU_11	135956
L	22723	1423	*	*	*	*	*	333178	*
H	22723	465	99.4	+	0	0	355I465M603I	OTU_11	333178
L	42907	1411	*	*	*	*	*	182758	*
H	42907	465	98.9	+	0	0	355I465M591I	OTU_11	182758
L	85703	1429	*	*	*	*	*	4366843	*
H	85703	460	99.6	+	0	0	293I460M676I	OTU_12	4366843
L	85658	1450	*	*	*	*	*	4366391	*
H	85658	460	99.3	+	0	0	317I460M673I	OTU_12	4366391
L	26475	1359	*	*	*	*	*	305946	*
H	26475	460	99.6	+	0	0	323I460M576I	OTU_12	305946
L	31652	1364	*	*	*	*	*	268074	*
H	31652	439	99.3	+	0	0	320I439M605I	OTU_13	268074
L	30244	1350	*	*	*	*	*	276478	*
H	30244	439	99.3	+	0	0	309I439M602I	OTU_13	276478
L	32665	1354	*	*	*	*	*	261590	*
H	32665	439	99.3	+	0	0	319I439M596I	OTU_13	261590
L	32288	1371	*	*	*	*	*	263933	*
H	32288	440	99.1	+	0	0	327I440M604I	OTU_14	263933
L	66270	1341	*	*	*	*	*	790663	*
H	66270	440	97.5	+	0	0	316I440M585I	OTU_14	790663
L	30689	1384	*	*	*	*	*	273778	*
H	30689	440	96.1	+	0	0	336I258MI20MI68MI14MI80M604I	OTU_14	273778
L	30883	1406	*	*	*	*	*	272646	*
H	30883	443	99.3	+	0	0	358I443M605I	OTU_15	272646
L	31801	1401	*	*	*	*	*	267110	*
H	31801	443	99.3	+	0	0	358I443M600I	OTU_15	267110
L	31619	1406	*	*	*	*	*	268257	*
H	31619	443	99.3	+	0	0	358I443M605I	OTU_15	268257
L	42298	1357	*	*	*	*	*	185989	*
H	42298	440	99.3	+	0	0	308I440M609I	OTU_16	185989
L	42677	1408	*	*	*	*	*	183838	*
H	42677	440	98.9	+	0	0	345I113M17I327M606I	OTU_16	183838
L	90374	1424	*	*	*	*	*	4416434	*
H	90374	440	98.9	+	0	0	294I440M690I	OTU_16	4416434
L	32097	1394	*	*	*	*	*	265030	*
H	32097	442	99.5	+	0	0	347I442M605I	OTU_17	265030
L	22221	1375	*	*	*	*	*	336810	*
H	22221	442	99.5	+	0	0	333I442M600I	OTU_17	336810
L	41675	1396	*	*	*	*	*	189406	*
H	41675	442	99.3	+	0	0	354I442M600I	OTU_17	189406
L	38229	1482	*	*	*	*	*	214919	*
H	38229	465	99.8	+	0	0	311I465M706I	OTU_18	214919
L	20761	1407	*	*	*	*	*	347529	*
H	20761	465	96.3	+	0	0	341I465M601I	OTU_18	347529
L	18824	1345	*	*	*	*	*	368490	*
H	18824	465	96.1	+	0	0	290I113MI352M589I	OTU_18	368490
L	42830	1407	*	*	*	*	*	183106	*
H	42830	460	99.3	+	0	0	342I460M605I	OTU_19	183106
L	42049	1377	*	*	*	*	*	187341	*
H	42049	460	98.9	+	0	0	313I460M604I	OTU_19	187341
L	42290	1407	*	*	*	*	*	186028	*
H	42290	460	98.9	+	0	0	342I460M605I	OTU_19	186028
L	32956	1406	*	*	*	*	*	259859	*
H	32956	460	98.9	+	0	0	342I460M604I	OTU_20	259859
L	29771	1503	*	*	*	*	*	278912	*
H	29771	460	93.0	+	0	0	344I128MD331M700I	OTU_20	278912
L	35887	1500	*	*	*	*	*	238570	*
H	35887	460	92.2	+	0	0	332I460M708I	OTU_20	238570
L	41440	1393	*	*	*	*	*	190652	*
H	41440	440	99.3	+	0	0	349I440M604I	OTU_21	190652
L	41146	1392	*	*	*	*	*	192209	*
H	41146	440	99.1	+	0	0	349I440M603I	OTU_21	192209
L	34728	1480	*	*	*	*	*	246965	*
H	34728	440	98.4	+	0	0	338I244MD29MD70MD7MD86M706I	OTU_21	246965
L	28944	1434	*	*	*	*	*	290235	*
H	28944	465	99.6	+	0	0	366I465M603I	OTU_22	290235
L	48950	1489	*	*	*	*	*	137043	*
H	48950	465	99.6	+	0	0	335I465M689I	OTU_22	137043
L	21936	1435	*	*	*	*	*	338852	*
H	21936	465	99.6	+	0	0	367I465M603I	OTU_22	338852
L	22314	1400	*	*	*	*	*	336214	*
H	22314	460	99.3	+	0	0	339I460M601I	OTU_23	336214
L	44957	1405	*	*	*	*	*	169398	*
H	44957	460	98.9	+	0	0	317I460M628I	OTU_23	169398
L	31259	1402	*	*	*	*	*	270248	*
H	31259	460	98.9	+	0	0	343I460M599I	OTU_23	270248
L	32296	1429	*	*	*	*	*	263895	*
H	32296	466	99.6	+	0	0	362I466M601I	OTU_24	263895
L	32766	1432	*	*	*	*	*	261076	*
H	32766	466	99.1	+	0	0	361I466M605I	OTU_24	261076
L	30706	1431	*	*	*	*	*	273657	*
H	30706	466	97.4	+	0	0	362I466M603I	OTU_24	273657
L	25953	1390	*	*	*	*	*	309916	*
H	25953	440	99.5	+	0	0	347I440M603I	OTU_25	309916
L	41517	1379	*	*	*	*	*	190254	*
H	41517	440	99.5	+	0	0	336I440M603I	OTU_25	190254
L	40940	1388	*	*	*	*	*	193358	*
H	40940	440	98.9	+	0	0	346I194MD245M603I	OTU_25	193358
L	43167	1382	*	*	*	*	*	181349	*
H	43167	440	99.1	+	0	0	345I440M597I	OTU_26	181349
L	88267	1493	*	*	*	*	*	4393892	*
H	88267	440	99.1	+	0	0	347I440M706I	OTU_26	4393892
L	94606	1461	*	*	*	*	*	4460602	*
H	94606	440	98.4	+	0	0	328I440M693I	OTU_26	4460602
L	36464	1500	*	*	*	*	*	233817	*
H	36464	443	99.5	+	0	0	346I443M711I	OTU_27	233817
L	32944	1412	*	*	*	*	*	259910	*
H	32944	443	99.5	+	0	0	357I443M612I	OTU_27	259910
L	29804	1511	*	*	*	*	*	278753	*
H	29804	443	98.9	+	0	0	359I443M709I	OTU_27	278753
L	40509	1394	*	*	*	*	*	195445	*
H	40509	441	99.1	+	0	0	349I441M604I	OTU_28	195445
L	21901	1394	*	*	*	*	*	339050	*
H	21901	441	98.9	+	0	0	349I441M604I	OTU_28	339050
L	30458	1392	*	*	*	*	*	275180	*
H	30458	441	98.4	+	0	0	347I441M604I	OTU_28	275180
L	19699	1353	*	*	*	*	*	355291	*
H	19699	460	99.3	+	0	0	313I460M580I	OTU_29	355291
L	96009	1439	*	*	*	*	*	4475642	*
H	96009	460	97.8	+	0	0	305I460M674I	OTU_29	4475642
L	74650	1442	*	*	*	*	*	3785400	*
H	74650	460	97.6	+	0	0	312I460M670I	OTU_29	3785400
L	30243	1379	*	*	*	*	*	276484	*
H	30243	461	99.3	+	0	0	318I461M600I	OTU_30	276484
L	44412	1399	*	*	*	*	*	174646	*
H	44412	461	95.2	+	0	0	339I401MD59M600I	OTU_30	174646
L	44152	1398	*	*	*	*	*	176071	*
H	44152	461	95.2	+	0	0	340I401MD59M598I	OTU_30	176071
L	25336	1396	*	*	*	*	*	314110	*
H	25336	442	99.5	+	0	0	349I442M605I	OTU_31	314110
L	24799	1404	*	*	*	*	*	318231	*
H	24799	442	99.5	+	0	0	358I442M604I	OTU_31	318231
L	21453	1396	*	*	*	*	*	342404	*
H	21453	442	99.5	+	0	0	349I442M605I	OTU_31	342404
L	31765	1395	*	*	*	*	*	267373	*
H	31765	441	99.3	+	0	0	350I441M604I	OTU_32	267373
L	41634	1395	*	*	*	*	*	189666	*
H	41634	441	99.3	+	0	0	350I441M604I	OTU_32	189666
L	40227	1395	*	*	*	*	*	196974	*
H	40227	441	99.3	+	0	0	350I441M604I	OTU_32	196974
L	38667	1498	*	*	*	*	*	210068	*
H	38667	460	94.6	+	0	0	339I115MI13M2D330M700I	OTU_33	210068
L	1204	1360	*	*	*	*	*	1028915	*
H	1204	460	95.4	+	0	0	316I129M2D329M586I	OTU_33	1028915
L	335	1500	*	*	*	*	*	1107175	*
H	335	460	94.6	+	0	0	344I126MD333M697I	OTU_33	1107175
L	21796	1392	*	*	*	*	*	339791	*
H	21796	440	99.1	+	0	0	349I440M603I	OTU_34	339791
L	57619	1493	*	*	*	*	*	1678333	*
H	57619	440	98.9	+	0	0	347I440M706I	OTU_34	1678333
L	39093	1495	*	*	*	*	*	205613	*
H	39093	440	98.4	+	0	0	347I440M708I	OTU_34	205613
L	53996	1489	*	*	*	*	*	45363	*
H	53996	464	99.1	+	0	0	312I464M713I	OTU_35	45363
L	32599	1387	*	*	*	*	*	262095	*
H	32599	464	98.5	+	0	0	327I464M596I	OTU_35	262095
L	33062	1388	*	*	*	*	*	259266	*
H	33062	464	98.3	+	0	0	327I464M597I	OTU_35	259266
L	39023	1503	*	*	*	*	*	206456	*
H	39023	459	99.6	+	0	0	343I459M701I	OTU_36	206456
L	38935	1501	*	*	*	*	*	207288	*
H	38935	459	99.8	+	0	0	342I459M700I	OTU_36	207288
L	18689	1499	*	*	*	*	*	372368	*
H	18689	459	99.3	+	0	0	335I225MI234M704I	OTU_36	372368
L	45263	1453	*	*	*	*	*	165845	*
H	45263	440	97.7	+	0	0	327I440M686I	OTU_37	165845
L	45349	1475	*	*	*	*	*	164811	*
H	45349	440	98.6	+	0	0	353I440M682I	OTU_37	164811
L	32614	1392	*	*	*	*	*	261999	*
H	32614	440	97.7	+	0	0	349I440M603I	OTU_37	261999
L	45594	1372	*	*	*	*	*	161993	*
H	45594	443	98.2	+	0	0	287I443M642I	OTU_38	161993
L	38296	1486	*	*	*	*	*	214116	*
H	38296	443	97.1	+	0	0	337I443M706I	OTU_38	214116
L	46095	1455	*	*	*	*	*	158302	*
H	46095	443	96.6	+	0	0	328I443M684I	OTU_38	158302
L	33015	1393	*	*	*	*	*	259564	*
H	33015	465	98.7	+	0	0	329I465M599I	OTU_39	259564
L	30376	1389	*	*	*	*	*	275627	*
H	30376	465	99.1	+	0	0	329I465M595I	OTU_39	275627
L	31697	1388	*	*	*	*	*	267769	*
H	31697	465	99.1	+	0	0	327I465M596I	OTU_39	267769
L	31010	1417	*	*	*	*	*	271811	*
H	31010	456	99.8	+	0	0	358I456M603I	OTU_40	271811
L	32008	1420	*	*	*	*	*	265708	*
H	32008	456	99.8	+	0	0	358I456M606I	OTU_40	265708
L	42758	1386	*	*	*	*	*	183467	*
H	42758	456	94.1	+	0	0	347I64M2D47M16D327M601I	OTU_40	183467
L	58095	1471	*	*	*	*	*	827195	*
H	58095	444	99.5	+	0	0	320I444M707I	OTU_41	827195
L	24157	1372	*	*	*	*	*	322839	*
H	24157	444	98.2	+	0	0	330I444M598I	OTU_41	322839
L	21030	1383	*	*	*	*	*	345466	*
H	21030	444	96.2	+	0	0	330I239MI26MI17MD12MI22MI118MI9M605I	OTU_41	345466
L	32526	1402	*	*	*	*	*	262556	*
H	32526	440	99.3	+	0	0	358I440M604I	OTU_42	262556
L	32517	1378	*	*	*	*	*	262625	*
H	32517	440	99.3	+	0	0	335I440M603I	OTU_42	262625
L	29726	1507	*	*	*	*	*	279115	*
H	29726	440	98.4	+	0	0	359I440M708I	OTU_42	279115
L	42766	1407	*	*	*	*	*	183446	*
H	42766	460	97.8	+	0	0	342I460M605I	OTU_43	183446
L	64540	1498	*	*	*	*	*	1111216	*
H	64540	460	92.6	+	0	0	342I134MD325M697I	OTU_43	1111216
L	29815	1503	*	*	*	*	*	278712	*
H	29815	460	93.0	+	0	0	343I460M700I	OTU_43	278712
L	73909	1338	*	*	*	*	*	628218	*
H	73909	443	98.0	+	0	0	310I443M585I	OTU_44	628218
L	38092	1464	*	*	*	*	*	216356	*
H	38092	443	96.4	+	0	0	319I443M702I	OTU_44	216356
L	74461	1479	*	*	*	*	*	1112121	*
H	74461	443	97.5	+	0	0	330I71MI372M705I	OTU_44	1112121
L	39898	1398	*	*	*	*	*	198753	*
H	39898	442	98.9	+	0	0	356I442M600I	OTU_45	198753
L	43250	1397	*	*	*	*	*	180879	*
H	43250	442	98.9	+	0	0	356I442M599I	OTU_45	180879
L	41586	1401	*	*	*	*	*	189884	*
H	41586	442	98.6	+	0	0	356I442M603I	OTU_45	189884
L	56754	1469	*	*	*	*	*	1571092	*
H	56754	444	96.8	+	0	0	322I444M703I	OTU_46	1571092
H	58095	444	93.2	+	0	0	320I444M707I	OTU_46	827195
H	24157	444	93.0	+	0	0	330I444M598I	OTU_46	322839
L	22530	1398	*	*	*	*	*	334617	*
H	22530	442	99.3	+	0	0	356I442M600I	OTU_47	334617
L	31710	1402	*	*	*	*	*	267689	*
H	31710	442	99.3	+	0	0	358I442M602I	OTU_47	267689
L	22351	1399	*	*	*	*	*	335952	*
H	22351	442	99.3	+	0	0	357I442M600I	OTU_47	335952
L	40921	1390	*	*	*	*	*	193463	*
H	40921	440	99.5	+	0	0	347I440M603I	OTU_48	193463
L	20662	1391	*	*	*	*	*	348336	*
H	20662	440	99.3	+	0	0	347I440M604I	OTU_48	348336
L	32311	1391	*	*	*	*	*	263815	*
H	32311	440	99.5	+	0	0	347I440M604I	OTU_48	263815
L	36795	1525	*	*	*	*	*	228785	*
H	36795	466	99.1	+	0	0	351I466M708I	OTU_49	228785
L	49758	1398	*	*	*	*	*	121873	*
H	49758	466	92.5	+	0	0	340I466M592I	OTU_49	121873
L	69607	1438	*	*	*	*	*	3147137	*
H	69607	466	91.6	+	0	0	362I466M610I	OTU_49	3147137
L	21966	1366	*	*	*	*	*	338644	*
H	21966	440	99.5	+	0	0	330I440M596I	OTU_50	338644
L	39775	1363	*	*	*	*	*	199403	*
H	39775	440	98.9	+	0	0	328I112MD327M596I	OTU_50	199403
L	34958	1474	*	*	*	*	*	245324	*
H	34958	440	97.7	+	0	0	330I113MI327M703I	OTU_50	245324
L	90596	1405	*	*	*	*	*	4418586	*
H	90596	443	99.1	+	0	0	346I115M13I149MI179M602I	OTU_51	4418586
L	61307	1394	*	*	*	*	*	2120779	*
H	61307	443	98.6	+	0	0	347I443M604I	OTU_51	2120779
L	76617	1358	*	*	*	*	*	738739	*
H	76617	443	97.7	+	0	0	327I249MI194M587I	OTU_51	738739
L	72765	1462	*	*	*	*	*	835872	*
H	72765	447	93.1	+	0	0	329I112M4D118MD212M691I	OTU_52	835872
L	16488	1359	*	*	*	*	*	519733	*
H	16488	447	94.9	+	0	0	321I121M2I111MD214M590I	OTU_52	519733
L	87957	1453	*	*	*	*	*	4390755	*
H	87957	447	93.3	+	0	0	324I234MD212M683I	OTU_52	4390755
L	41867	1379	*	*	*	*	*	188355	*
H	41867	440	99.3	+	0	0	336I440M603I	OTU_53	188355
L	41909	1392	*	*	*	*	*	188137	*
H	41909	440	99.3	+	0	0	347I440M605I	OTU_53	188137
L	41619	1391	*	*	*	*	*	189749	*
H	41619	440	99.3	+	0	0	347I440M604I	OTU_53	189749
L	32418	1393	*	*	*	*	*	263165	*
H	32418	443	99.3	+	0	0	350I443M600I	OTU_54	263165
L	32372	1396	*	*	*	*	*	263403	*
H	32372	443	98.2	+	0	0	347I443M606I	OTU_54	263403
L	32277	1397	*	*	*	*	*	263977	*
H	32277	443	98.9	+	0	0	355I443M599I	OTU_54	263977
L	31217	1406	*	*	*	*	*	270519	*
H	31217	443	99.5	+	0	0	356I443M607I	OTU_55	270519
L	41438	1399	*	*	*	*	*	190658	*
H	41438	443	97.5	+	0	0	357I443M599I	OTU_55	190658
L	21019	1392	*	*	*	*	*	345582	*
H	21019	443	98.2	+	0	0	344I443M605I	OTU_55	345582
L	36653	1481	*	*	*	*	*	230759	*
H	36653	464	99.1	+	0	0	325I464M692I	OTU_56	230759
L	2397	1343	*	*	*	*	*	894735	*
H	2397	464	92.0	+	0	0	305I464M574I	OTU_56	894735
L	294	1485	*	*	*	*	*	1107703	*
H	294	464	94.0	+	0	0	325I137MI298MI29M694I	OTU_56	1107703
L	96601	1493	*	*	*	*	*	4481359	*
H	96601	440	99.1	+	0	0	347I440M706I	OTU_57	4481359
L	33244	1394	*	*	*	*	*	258169	*
H	33244	440	99.1	+	0	0	350I440M604I	OTU_57	258169
L	71280	1492	*	*	*	*	*	1108042	*
H	71280	440	97.5	+	0	0	347I440M705I	OTU_57	1108042
L	30141	1377	*	*	*	*	*	277104	*
H	30141	440	99.1	+	0	0	349I440M588I	OTU_58	277104
L	31505	1393	*	*	*	*	*	268846	*
H	31505	440	99.1	+	0	0	349I440M604I	OTU_58	268846
L	40384	1394	*	*	*	*	*	196122	*
H	40384	440	99.3	+	0	0	350I440M604I	OTU_58	196122
L	42398	1403	*	*	*	*	*	185550	*
H	42398	460	99.6	+	0	0	339I460M604I	OTU_59	185550
L	32218	1408	*	*	*	*	*	264352	*
H	32218	460	99.3	+	0	0	344I460M604I	OTU_59	264352
L	31826	1405	*	*	*	*	*	266976	*
H	31826	460	99.3	+	0	0	344I460M601I	OTU_59	266976
L	75609	1506	*	*	*	*	*	1105376	*
H	75609	465	99.1	+	0	0	341I465M700I	OTU_60	1105376
L	41743	1393	*	*	*	*	*	189076	*
H	41743	465	93.8	+	0	0	331I465M597I	OTU_60	189076
L	19325	1369	*	*	*	*	*	359809	*
H	19325	465	94.0	+	0	0	319I465M585I	OTU_60	359809
L	32083	1369	*	*	*	*	*	265106	*
H	32083	440	99.1	+	0	0	332I440M597I	OTU_61	265106
L	30290	1367	*	*	*	*	*	276151	*
H	30290	440	98.9	+	0	0	330I440M597I	OTU_61	276151
L	30903	1368	*	*	*	*	*	272516	*
H	30903	440	98.2	+	0	0	322I440M606I	OTU_61	272516
L	33158	1379	*	*	*	*	*	258717	*
H	33158	440	98.6	+	0	0	349I440M590I	OTU_62	258717
L	40913	1390	*	*	*	*	*	193509	*
H	40913	440	98.4	+	0	0	347I440M603I	OTU_62	193509
L	32202	1390	*	*	*	*	*	264437	*
H	32202	440	98.6	+	0	0	347I440M603I	OTU_62	264437
L	43664	1370	*	*	*	*	*	178735	*
H	43664	440	98.2	+	0	0	330I440M600I	OTU_63	178735
H	32083	440	95.2	+	0	0	332I440M597I	OTU_63	265106
H	30290	440	95.0	+	0	0	330I440M597I	OTU_63	276151
L	8613	1420	*	*	*	*	*	585880	*
H	8613	443	96.2	+	0	0	294I443M683I	OTU_64	585880
L	32953	1393	*	*	*	*	*	259870	*
H	32953	443	97.7	+	0	0	349I443M601I	OTU_64	259870
H	45594	443	96.8	+	0	0	287I443M642I	OTU_64	161993
L	30232	1391	*	*	*	*	*	276561	*
H	30232	441	99.3	+	0	0	350I441M600I	OTU_65	276561
L	30738	1402	*	*	*	*	*	273476	*
H	30738	441	99.3	+	0	0	357I441M604I	OTU_65	273476
L	41338	1386	*	*	*	*	*	191216	*
H	41338	441	98.9	+	0	0	345I441M600I	OTU_65	191216
L	31253	1402	*	*	*	*	*	270303	*
H	31253	443	99.8	+	0	0	356I443M603I	OTU_66	270303
L	45326	1452	*	*	*	*	*	165046	*
H	45326	443	99.3	+	0	0	328I443M681I	OTU_66	165046
L	31404	1404	*	*	*	*	*	269401	*
H	31404	443	99.3	+	0	0	357I443M604I	OTU_66	269401
L	32292	1380	*	*	*	*	*	263908	*
H	32292	440	99.5	+	0	0	336I440M604I	OTU_67	263908
L	38192	1499	*	*	*	*	*	215317	*
H	38192	440	99.3	+	0	0	350I440M709I	OTU_67	215317
L	44678	1406	*	*	*	*	*	172640	*
H	44678	440	98.9	+	0	0	319I40MI400M646I	OTU_67	172640
L	30646	1402	*	*	*	*	*	274083	*
H	30646	443	99.1	+	0	0	357I443M602I	OTU_68	274083
L	25810	1393	*	*	*	*	*	310945	*
H	25810	443	99.1	+	0	0	347I443M603I	OTU_68	310945
L	43549	1399	*	*	*	*	*	179354	*
H	43549	443	99.1	+	0	0	349I443M607I	OTU_68	179354
L	25536	1365	*	*	*	*	*	312665	*
H	25536	439	99.5	+	0	0	331I439M595I	OTU_69	312665
L	21660	1364	*	*	*	*	*	340794	*
H	21660	439	99.5	+	0	0	331I439M594I	OTU_69	340794
L	41541	1384	*	*	*	*	*	190114	*
H	41541	439	99.3	+	0	0	345I439M600I	OTU_69	190114
L	31033	1362	*	*	*	*	*	271647	*
H	31033	440	99.5	+	0	0	347I418MI22M574I	OTU_70	271647
L	32483	1380	*	*	*	*	*	262801	*
H	32483	440	99.5	+	0	0	336I440M604I	OTU_70	262801
L	30587	1391	*	*	*	*	*	274387	*
H	30587	440	99.3	+	0	0	346I440M605I	OTU_70	274387
L	44887	1452	*	*	*	*	*	170185	*
H	44887	443	97.1	+	0	0	333I443M676I	OTU_71	170185
L	71570	1453	*	*	*	*	*	3390534	*
H	71570	443	96.2	+	0	0	328I443M682I	OTU_71	3390534
L	21354	1381	*	*	*	*	*	343140	*
H	21354	443	92.3	+	0	0	347I100M3D162MD177M595I	OTU_71	343140
L	96487	1482	*	*	*	*	*	4480176	*
H	96487	440	98.0	+	0	0	339I440M703I	OTU_72	4480176
L	19715	1379	*	*	*	*	*	355187	*
H	19715	440	96.4	+	0	0	339I440M600I	OTU_72	355187
L	31622	1382	*	*	*	*	*	268220	*
H	31622	440	94.5	+	0	0	338I111MI329M603I	OTU_72	268220
L	32254	1403	*	*	*	*	*	264155	*
H	32254	443	98.9	+	0	0	357I443M603I	OTU_73	264155
L	75607	1468	*	*	*	*	*	1106290	*
H	75607	443	97.7	+	0	0	320I443M705I	OTU_73	1106290
L	36751	1429	*	*	*	*	*	229452	*
H	36751	443	96.4	+	0	0	286I443M700I	OTU_73	229452
L	38052	1514	*	*	*	*	*	216888	*
H	38052	440	98.9	+	0	0	348I440M726I	OTU_74	216888
L	27094	1390	*	*	*	*	*	301585	*
H	27094	440	99.1	+	0	0	347I440M603I	OTU_74	301585
L	42475	1397	*	*	*	*	*	185084	*
H	42475	440	99.1	+	0	0	353I440M604I	OTU_74	185084
L	31813	1403	*	*	*	*	*	267045	*
H	31813	459	99.1	+	0	0	340I459M604I	OTU_75	267045
L	18296	1502	*	*	*	*	*	416078	*
H	18296	459	99.1	+	0	0	337I459M706I	OTU_75	416078
L	44430	1405	*	*	*	*	*	174573	*
H	44430	459	99.1	+	0	0	342I459M604I	OTU_75	174573
L	43938	1394	*	*	*	*	*	177271	*
H	43938	439	99.1	+	0	0	352I439M603I	OTU_76	177271
L	41969	1391	*	*	*	*	*	187790	*
H	41969	439	99.1	+	0	0	352I439M600I	OTU_76	187790
L	36826	1476	*	*	*	*	*	228391	*
H	36826	439	99.1	+	0	0	338I439M699I	OTU_76	228391
D	1204	2	*	*	*	*	95.4	1028915	*
D	16488	2	*	*	*	*	94.9	519733	*
D	19699	2	*	*	*	*	99.3	355291	*
D	21453	2	*	*	*	*	99.5	342404	*
D	21660	2	*	*	*	*	99.5	340794	*
D	21796	2	*	*	*	*	99.1	339791	*
D	21936	2	*	*	*	*	99.6	338852	*
D	21966	2	*	*	*	*	99.5	338644	*
D	22221	2	*	*	*	*	99.5	336810	*
D	22314	2	*	*	*	*	99.3	336214	*
D	22351	2	*	*	*	*	99.3	335952	*
D	22723	2	*	*	*	*	99.4	333178	*
D	24789	2	*	*	*	*	99.1	318320	*
D	26475	2	*	*	*	*	99.6	305946	*
D	30243	2	*	*	*	*	99.3	276484	*
D	30738	2	*	*	*	*	99.3	273476	*
D	30780	2	*	*	*	*	99.3	273232	*
D	30933	2	*	*	*	*	99.1	272334	*
D	31217	2	*	*	*	*	99.5	270519	*
D	31253	2	*	*	*	*	99.8	270303	*
D	31619	2	*	*	*	*	99.3	268257	*
D	31697	2	*	*	*	*	99.1	267769	*
D	32008	2	*	*	*	*	99.8	265708	*
D	32083	2	*	*	*	*	99.1	265106	*
D	32153	2	*	*	*	*	98.9	264734	*
D	32202	2	*	*	*	*	98.6	264437	*
D	32254	2	*	*	*	*	98.9	264155	*
D	32288	2	*	*	*	*	99.1	263933	*
D	32292	2	*	*	*	*	99.5	263908	*
D	32296	2	*	*	*	*	99.6	263895	*
D	32311	2	*	*	*	*	99.5	263815	*
D	32418	2	*	*	*	*	99.3	263165	*
D	32483	2	*	*	*	*	99.5	262801	*
D	32517	2	*	*	*	*	99.3	262625	*
D	32665	2	*	*	*	*	99.3	261590	*
D	32944	2	*	*	*	*	99.5	259910	*
D	32953	2	*	*	*	*	97.7	259870	*
D	32956	2	*	*	*	*	98.9	259859	*
D	33244	2	*	*	*	*	99.1	258169	*
D	36653	2	*	*	*	*	99.1	230759	*
D	36795	2	*	*	*	*	99.1	228785	*
D	36826	2	*	*	*	*	99.1	228391	*
D	38229	2	*	*	*	*	99.8	214919	*
D	38935	2	*	*	*	*	99.8	207288	*
D	40227	2	*	*	*	*	99.3	196974	*
D	40384	2	*	*	*	*	99.3	196122	*
D	40509	2	*	*	*	*	99.1	195445	*
D	41440	2	*	*	*	*	99.3	190652	*
D	41494	2	*	*	*	*	98.9	190392	*
D	41517	2	*	*	*	*	99.5	190254	*
D	41619	2	*	*	*	*	99.3	189749	*
D	42298	2	*	*	*	*	99.3	185989	*
D	42398	2	*	*	*	*	99.6	185550	*
D	42475	2	*	*	*	*	99.1	185084	*
D	42766	2	*	*	*	*	97.8	183446	*
D	42830	2	*	*	*	*	99.3	183106	*
D	43022	2	*	*	*	*	99.6	182112	*
D	43250	2	*	*	*	*	98.9	180879	*
D	43549	2	*	*	*	*	99.1	179354	*
D	43664	2	*	*	*	*	98.2	178735	*
D	44430	2	*	*	*	*	99.1	174573	*
D	44887	2	*	*	*	*	97.1	170185	*
D	45349	2	*	*	*	*	98.6	164811	*
D	45594	2	*	*	*	*	98.2	161993	*
D	53996	2	*	*	*	*	99.1	45363	*
D	56754	2	*	*	*	*	96.8	1571092	*
D	58095	2	*	*	*	*	99.5	827195	*
D	63439	2	*	*	*	*	99.3	2383341	*
D	73909	2	*	*	*	*	98.0	628218	*
D	75609	2	*	*	*	*	99.1	1105376	*
D	86168	2	*	*	*	*	99.6	4372003	*
D	88267	2	*	*	*	*	99.1	4393892	*
D	90596	2	*	*	*	*	99.1	4418586	*
D	92245	2	*	*	*	*	99.6	4435396	*
D	96138	2	*	*	*	*	98.9	4476780	*
D	96487	2	*	*	*	*	98.0	4480176	*
